2026.04.26 14:10:18 INFO  Started: Metals version 1.6.7 in folders 'C:\HTWG_Module\AI\Kalah' for client Visual Studio Code 1.115.0.
2026.04.26 14:10:18 INFO  Memory monitor started
2026.04.26 14:10:21 WARN  Using H2 2.4.240 which is newer than the version Flyway has been verified with. The latest verified version of H2 is 2.3.232.
2026.04.26 14:10:22 WARN  no build tool detected in workspace 'C:\HTWG_Module\AI\Kalah'. The most common cause for this problem is that the editor was opened in the wrong working directory, for example if you use sbt then the workspace directory should contain build.sbt. 
2026.04.26 14:10:22 WARN  Build server is not auto-connectable.
2026.04.26 14:10:22 WARN  no build target for: C:\HTWG_Module\AI\Kalah\KalahBoard.java
2026.04.26 14:10:22 WARN  no build target for: C:\HTWG_Module\AI\Kalah\Kalah.java
Apr. 26, 2026 2:10:35 PM org.eclipse.lsp4j.jsonrpc.services.GenericEndpoint notify
INFORMATION: Unsupported notification method: $/setTrace
2026.04.26 15:01:04 INFO  no build target found for C:\HTWG_Module\AI\Kalah\KalahBoard.java. Using fallback presentation compiler.
2026.04.26 15:01:13 WARN  no build target for: C:\HTWG_Module\AI\Kalah\KalahBoard.java
Apr. 26, 2026 3:01:13 PM org.eclipse.lsp4j.jsonrpc.RemoteEndpoint handleCancellation
WARNUNG: Unmatched cancel notification for request id 2
2026.04.26 15:01:13 INFO  no build target found for C:\HTWG_Module\AI\Kalah\KalahBoard.java. Using fallback presentation compiler.
2026.04.26 15:01:13 INFO  no build target found for C:\HTWG_Module\AI\Kalah\KalahBoard.java. Using fallback presentation compiler.
2026.04.26 15:01:13 INFO  no build target found for C:\HTWG_Module\AI\Kalah\KalahBoard.java. Using fallback presentation compiler.
Apr. 26, 2026 3:01:15 PM org.eclipse.lsp4j.jsonrpc.RemoteEndpoint handleCancellation
WARNUNG: Unmatched cancel notification for request id 9
Apr. 26, 2026 3:01:15 PM org.eclipse.lsp4j.jsonrpc.RemoteEndpoint handleCancellation
WARNUNG: Unmatched cancel notification for request id 4
2026.04.26 15:01:15 INFO  no build target found for C:\HTWG_Module\AI\Kalah\KalahBoard.java. Using fallback presentation compiler.
Apr. 26, 2026 3:01:15 PM org.eclipse.lsp4j.jsonrpc.RemoteEndpoint handleCancellation
WARNUNG: Unmatched cancel notification for request id 11
2026.04.26 15:01:15 INFO  no build target found for C:\HTWG_Module\AI\Kalah\KalahBoard.java. Using fallback presentation compiler.
2026.04.26 15:07:23 INFO  no build target found for C:\HTWG_Module\AI\Kalah\Kalah.java. Using fallback presentation compiler.
2026.04.26 15:09:10 INFO  no build target found for C:\HTWG_Module\AI\Kalah\KalahBoard.java. Using fallback presentation compiler.
2026.04.26 15:09:11 WARN  no build target for: C:\HTWG_Module\AI\Kalah\KalahBoard.java
Apr. 26, 2026 3:09:11 PM org.eclipse.lsp4j.jsonrpc.RemoteEndpoint handleCancellation
WARNUNG: Unmatched cancel notification for request id 16
2026.04.26 15:09:10 INFO  no build target found for C:\HTWG_Module\AI\Kalah\KalahBoard.java. Using fallback presentation compiler.
2026.04.26 15:09:11 INFO  no build target found for C:\HTWG_Module\AI\Kalah\KalahBoard.java. Using fallback presentation compiler.
2026.04.26 15:09:12 INFO  no build target found for C:\HTWG_Module\AI\Kalah\KalahBoard.java. Using fallback presentation compiler.
2026.04.26 15:09:12 INFO  no build target found for C:\HTWG_Module\AI\Kalah\KalahBoard.java. Using fallback presentation compiler.
2026.04.26 15:09:13 INFO  no build target found for C:\HTWG_Module\AI\Kalah\KalahBoard.java. Using fallback presentation compiler.
Apr. 26, 2026 3:09:13 PM org.eclipse.lsp4j.jsonrpc.RemoteEndpoint handleCancellation
WARNUNG: Unmatched cancel notification for request id 22
2026.04.26 15:09:16 INFO  no build target found for C:\HTWG_Module\AI\Kalah\KalahAI.java. Using fallback presentation compiler.
2026.04.26 15:09:16 WARN  no build target for: C:\HTWG_Module\AI\Kalah\KalahAI.java
2026.04.26 15:09:16 INFO  no build target found for C:\HTWG_Module\AI\Kalah\KalahAI.java. Using fallback presentation compiler.
Apr. 26, 2026 3:09:17 PM org.eclipse.lsp4j.jsonrpc.RemoteEndpoint handleCancellation
WARNUNG: Unmatched cancel notification for request id 24
2026.04.26 15:09:16 INFO  no build target found for C:\HTWG_Module\AI\Kalah\KalahAI.java. Using fallback presentation compiler.
2026.04.26 15:09:17 INFO  no build target found for C:\HTWG_Module\AI\Kalah\KalahAI.java. Using fallback presentation compiler.
2026.04.26 15:09:18 INFO  no build target found for C:\HTWG_Module\AI\Kalah\KalahAI.java. Using fallback presentation compiler.
2026.04.26 15:09:46 INFO  no build target found for C:\HTWG_Module\AI\Kalah\KalahAI.java. Using fallback presentation compiler.
2026.04.26 15:10:02 INFO  no build target found for C:\HTWG_Module\AI\Kalah\KalahAI.java. Using fallback presentation compiler.
2026.04.26 15:10:03 INFO  no build target found for C:\HTWG_Module\AI\Kalah\KalahBoard.java. Using fallback presentation compiler.
2026.04.26 15:10:04 WARN  no build target for: C:\HTWG_Module\AI\Kalah\KalahBoard.java
2026.04.26 15:10:03 INFO  no build target found for C:\HTWG_Module\AI\Kalah\KalahBoard.java. Using fallback presentation compiler.
2026.04.26 15:10:04 INFO  no build target found for C:\HTWG_Module\AI\Kalah\KalahBoard.java. Using fallback presentation compiler.
2026.04.26 15:10:05 INFO  no build target found for C:\HTWG_Module\AI\Kalah\KalahBoard.java. Using fallback presentation compiler.
Apr. 26, 2026 3:10:05 PM org.eclipse.lsp4j.jsonrpc.RemoteEndpoint handleCancellation
WARNUNG: Unmatched cancel notification for request id 47
2026.04.26 15:10:05 INFO  no build target found for C:\HTWG_Module\AI\Kalah\Kalah.java. Using fallback presentation compiler.
2026.04.26 15:10:05 WARN  no build target for: C:\HTWG_Module\AI\Kalah\Kalah.java
2026.04.26 15:10:05 INFO  no build target found for C:\HTWG_Module\AI\Kalah\Kalah.java. Using fallback presentation compiler.
2026.04.26 15:10:05 INFO  no build target found for C:\HTWG_Module\AI\Kalah\Kalah.java. Using fallback presentation compiler.
2026.04.26 15:10:06 INFO  no build target found for C:\HTWG_Module\AI\Kalah\Kalah.java. Using fallback presentation compiler.
2026.04.26 15:10:08 INFO  no build target found for C:\HTWG_Module\AI\Kalah\Kalah.java. Using fallback presentation compiler.
2026.04.26 15:16:48 INFO  no build target found for C:\HTWG_Module\AI\Kalah\KalahAI.java. Using fallback presentation compiler.
2026.04.26 15:16:51 INFO  no build target found for C:\HTWG_Module\AI\Kalah\Kalah.java. Using fallback presentation compiler.
2026.04.26 15:16:52 INFO  no build target found for C:\HTWG_Module\AI\Kalah\Kalah.java. Using fallback presentation compiler.
2026.04.26 15:17:38 INFO  no build target found for C:\HTWG_Module\AI\Kalah\Kalah.java. Using fallback presentation compiler.
2026.04.26 15:17:38 INFO  no build target found for C:\HTWG_Module\AI\Kalah\Kalah.java. Using fallback presentation compiler.
2026.04.26 15:17:39 INFO  time: code lens generation in 1.1s
2026.04.26 15:21:16 WARN  no build target for: C:\HTWG_Module\AI\Kalah\Kalah.java
2026.04.26 15:21:16 INFO  no build target found for C:\HTWG_Module\AI\Kalah\Kalah.java. Using fallback presentation compiler.
Apr. 26, 2026 3:21:16 PM org.eclipse.lsp4j.jsonrpc.services.GenericEndpoint notify
INFORMATION: Unsupported notification method: $/setTrace
2026.04.26 15:23:55 INFO  no build target found for C:\HTWG_Module\AI\Kalah\Kalah.java. Using fallback presentation compiler.
2026.04.26 15:23:55 WARN  no build target for: C:\HTWG_Module\AI\Kalah\Kalah.java
2026.04.26 15:23:55 INFO  no build target found for C:\HTWG_Module\AI\Kalah\Kalah.java. Using fallback presentation compiler.
2026.04.26 15:28:29 INFO  no build target found for C:\HTWG_Module\AI\Kalah\Kalah.java. Using fallback presentation compiler.
2026.04.26 15:28:40 INFO  no build target found for C:\HTWG_Module\AI\Kalah\Kalah.java. Using fallback presentation compiler.
